Using pre-set license
Built from '2020.3/china_unity/release' branch; Version is '2020.3.6f1c1 (c884b0ebb9b3) revision 13141168'; Using compiler version '192528614'; Build Type 'Release'
OS: 'Windows 10 Pro; OS build 19041.928; Version 2004; 64bit' Language: 'zh' Physical Memory: 16331 MB
BatchMode: 1, IsHumanControllingUs: 0, StartBugReporterOnCrash: 0, Is64bit: 1, IsPro: 0

 COMMAND LINE ARGUMENTS:
C:\Program Files\Unity\Hub\Editor\2020.3.6f1c1\Editor\Unity.exe
-adb2
-batchMode
-noUpm
-name
AssetImportWorker0
-projectPath
F:/新建文件夹 (4)/four  point chess
-logFile
Logs/AssetImportWorker0.log
-srvPort
6719
Successfully changed project path to: F:/新建文件夹 (4)/four  point chess
F:/新建文件夹 (4)/four  point chess
Using Asset Import Pipeline V2.
Refreshing native plugins compatible for Editor in 20.39 ms, found 0 plugins.
Preloading 0 native plugins for Editor in 0.00 ms.
Initialize engine version: 2020.3.6f1c1 (c884b0ebb9b3)
[Subsystems] Discovering subsystems at path C:/Program Files/Unity/Hub/Editor/2020.3.6f1c1/Editor/Data/Resources/UnitySubsystems
[Subsystems] Discovering subsystems at path F:/新建文件夹 (4)/four  point chess/Assets
GfxDevice: creating device client; threaded=0
Direct3D:
    Version:  Direct3D 11.0 [level 11.1]
    Renderer: NVIDIA GeForce RTX 2080 SUPER (ID=0x1e81)
    Vendor:   
    VRAM:     8010 MB
    Driver:   27.21.14.6627
Initialize mono
Mono path[0] = 'C:/Program Files/Unity/Hub/Editor/2020.3.6f1c1/Editor/Data/Managed'
Mono path[1] = 'C:/Program Files/Unity/Hub/Editor/2020.3.6f1c1/Editor/Data/MonoBleedingEdge/lib/mono/unityjit'
Mono config path = 'C:/Program Files/Unity/Hub/Editor/2020.3.6f1c1/Editor/Data/MonoBleedingEdge/etc'
Using monoOptions --debugger-agent=transport=dt_socket,embedding=1,server=y,suspend=n,address=127.0.0.1:56124
Begin MonoManager ReloadAssembly
Registering precompiled unity dll's ...
Register platform support module: C:/Program Files/Unity/Hub/Editor/2020.3.6f1c1/Editor/Data/PlaybackEngines/WindowsStandaloneSupport/UnityEditor.WindowsStandalone.Extensions.dll
Registered in 0.001706 seconds.
Native extension for WindowsStandalone target not found
Refreshing native plugins compatible for Editor in 25.64 ms, found 0 plugins.
Preloading 0 native plugins for Editor in 0.00 ms.
Mono: successfully reloaded assembly
- Completed reload, in  0.804 seconds
Platform modules already initialized, skipping
Registering precompiled user dll's ...
Registered in 0.000438 seconds.
Begin MonoManager ReloadAssembly
Native extension for WindowsStandalone target not found
Refreshing native plugins compatible for Editor in 0.21 ms, found 0 plugins.
Preloading 0 native plugins for Editor in 0.00 ms.
Mono: successfully reloaded assembly
- Completed reload, in  0.725 seconds
Platform modules already initialized, skipping
========================================================================
Worker process is ready to serve import requests
Launched and connected shader compiler UnityShaderCompiler.exe after 0.04 seconds
Refreshing native plugins compatible for Editor in 0.23 ms, found 0 plugins.
Preloading 0 native plugins for Editor in 0.00 ms.
Unloading 1167 Unused Serialized files (Serialized files now loaded: 0)
System memory in use before: 63.1 MB.
System memory in use after: 63.2 MB.

Unloading 9 unused Assets to reduce memory usage. Loaded Objects now: 1613.
Total: 1.891500 ms (FindLiveObjects: 0.232500 ms CreateObjectMapping: 0.039400 ms MarkObjects: 1.541400 ms  DeleteObjects: 0.076200 ms)

========================================================================
Received Import Request.
  path: Assets/blackCube.cs
  artifactKey: Guid(2eaa814e1201210439ccbd8d6dec87c2) Importer(815301076,1909f56bfc062723c751e8b465ee728b)
Start importing Assets/blackCube.cs using Guid(2eaa814e1201210439ccbd8d6dec87c2) Importer(815301076,1909f56bfc062723c751e8b465ee728b)  -> (artifact id: 'a5da57ef79678c22f54c335b8b17af8f') in 0.017881 seconds
  Import took 0.020018 seconds .

========================================================================
Received Import Request.
  Time since last request: 1.923625 seconds.
  path: Assets/blackCube.cs
  artifactKey: Guid(2eaa814e1201210439ccbd8d6dec87c2) Importer(815301076,1909f56bfc062723c751e8b465ee728b)
Start importing Assets/blackCube.cs using Guid(2eaa814e1201210439ccbd8d6dec87c2) Importer(815301076,1909f56bfc062723c751e8b465ee728b)  -> (artifact id: '074b4889fd970c1bc648c27c27627765') in 0.001665 seconds
  Import took 0.003516 seconds .

========================================================================
Received Prepare
Registering precompiled user dll's ...
Registered in 0.000357 seconds.
Begin MonoManager ReloadAssembly
Native extension for WindowsStandalone target not found
Refreshing native plugins compatible for Editor in 0.20 ms, found 0 plugins.
Preloading 0 native plugins for Editor in 0.00 ms.
Mono: successfully reloaded assembly
- Completed reload, in  0.615 seconds
Platform modules already initialized, skipping
Refreshing native plugins compatible for Editor in 0.19 ms, found 0 plugins.
Preloading 0 native plugins for Editor in 0.00 ms.
Unloading 1148 Unused Serialized files (Serialized files now loaded: 0)
System memory in use before: 61.7 MB.
System memory in use after: 61.8 MB.

Unloading 4 unused Assets to reduce memory usage. Loaded Objects now: 1616.
Total: 1.492900 ms (FindLiveObjects: 0.178200 ms CreateObjectMapping: 0.027900 ms MarkObjects: 1.274200 ms  DeleteObjects: 0.011700 ms)

========================================================================
Received Prepare
Registering precompiled user dll's ...
Registered in 0.000324 seconds.
Begin MonoManager ReloadAssembly
Native extension for WindowsStandalone target not found
Refreshing native plugins compatible for Editor in 0.20 ms, found 0 plugins.
Preloading 0 native plugins for Editor in 0.00 ms.
Mono: successfully reloaded assembly
- Completed reload, in  0.599 seconds
Platform modules already initialized, skipping
Refreshing native plugins compatible for Editor in 0.20 ms, found 0 plugins.
Preloading 0 native plugins for Editor in 0.00 ms.
Unloading 1148 Unused Serialized files (Serialized files now loaded: 0)
System memory in use before: 61.7 MB.
System memory in use after: 61.8 MB.

Unloading 4 unused Assets to reduce memory usage. Loaded Objects now: 1619.
Total: 1.267800 ms (FindLiveObjects: 0.128200 ms CreateObjectMapping: 0.025700 ms MarkObjects: 1.103300 ms  DeleteObjects: 0.009600 ms)

========================================================================
Received Prepare
Registering precompiled user dll's ...
Registered in 0.000368 seconds.
Begin MonoManager ReloadAssembly
Native extension for WindowsStandalone target not found
Refreshing native plugins compatible for Editor in 0.20 ms, found 0 plugins.
Preloading 0 native plugins for Editor in 0.00 ms.
Mono: successfully reloaded assembly
- Completed reload, in  0.621 seconds
Platform modules already initialized, skipping
Refreshing native plugins compatible for Editor in 0.20 ms, found 0 plugins.
Preloading 0 native plugins for Editor in 0.00 ms.
Unloading 1148 Unused Serialized files (Serialized files now loaded: 0)
System memory in use before: 61.7 MB.
System memory in use after: 61.8 MB.

Unloading 4 unused Assets to reduce memory usage. Loaded Objects now: 1622.
Total: 1.524200 ms (FindLiveObjects: 0.165200 ms CreateObjectMapping: 0.040900 ms MarkObjects: 1.307300 ms  DeleteObjects: 0.010000 ms)

========================================================================
Received Import Request.
  Time since last request: 67.808642 seconds.
  path: Assets/scripts/blackCube.cs
  artifactKey: Guid(2eaa814e1201210439ccbd8d6dec87c2) Importer(815301076,1909f56bfc062723c751e8b465ee728b)
Start importing Assets/scripts/blackCube.cs using Guid(2eaa814e1201210439ccbd8d6dec87c2) Importer(815301076,1909f56bfc062723c751e8b465ee728b)  -> (artifact id: '6dbbf7e623feffb30f80ddae20a2e81f') in 0.002689 seconds
  Import took 0.004065 seconds .

========================================================================
Received Import Request.
  Time since last request: 0.923702 seconds.
  path: Assets/scripts/blackCube.cs
  artifactKey: Guid(2eaa814e1201210439ccbd8d6dec87c2) Importer(815301076,1909f56bfc062723c751e8b465ee728b)
Start importing Assets/scripts/blackCube.cs using Guid(2eaa814e1201210439ccbd8d6dec87c2) Importer(815301076,1909f56bfc062723c751e8b465ee728b)  -> (artifact id: '6dbbf7e623feffb30f80ddae20a2e81f') in 0.001160 seconds
  Import took 0.002588 seconds .

========================================================================
Received Prepare
Registering precompiled user dll's ...
Registered in 0.000529 seconds.
Begin MonoManager ReloadAssembly
Native extension for WindowsStandalone target not found
Refreshing native plugins compatible for Editor in 0.20 ms, found 0 plugins.
Preloading 0 native plugins for Editor in 0.00 ms.
Mono: successfully reloaded assembly
- Completed reload, in  0.591 seconds
Platform modules already initialized, skipping
Refreshing native plugins compatible for Editor in 0.19 ms, found 0 plugins.
Preloading 0 native plugins for Editor in 0.00 ms.
Unloading 1148 Unused Serialized files (Serialized files now loaded: 0)
System memory in use before: 61.8 MB.
System memory in use after: 61.9 MB.

Unloading 4 unused Assets to reduce memory usage. Loaded Objects now: 1625.
Total: 1.348700 ms (FindLiveObjects: 0.161600 ms CreateObjectMapping: 0.026900 ms MarkObjects: 1.148900 ms  DeleteObjects: 0.009400 ms)

========================================================================
Received Import Request.
  Time since last request: 147.662274 seconds.
  path: Assets/scripts/blackCube.cs
  artifactKey: Guid(2eaa814e1201210439ccbd8d6dec87c2) Importer(815301076,1909f56bfc062723c751e8b465ee728b)
Start importing Assets/scripts/blackCube.cs using Guid(2eaa814e1201210439ccbd8d6dec87c2) Importer(815301076,1909f56bfc062723c751e8b465ee728b)  -> (artifact id: '2ae6113259cba850a57180911a5e902f') in 0.002898 seconds
  Import took 0.004285 seconds .

========================================================================
Received Prepare
Registering precompiled user dll's ...
Registered in 0.002233 seconds.
Begin MonoManager ReloadAssembly
Native extension for WindowsStandalone target not found
Refreshing native plugins compatible for Editor in 0.22 ms, found 0 plugins.
Preloading 0 native plugins for Editor in 0.00 ms.
Mono: successfully reloaded assembly
- Completed reload, in  0.750 seconds
Platform modules already initialized, skipping
Refreshing native plugins compatible for Editor in 0.22 ms, found 0 plugins.
Preloading 0 native plugins for Editor in 0.00 ms.
Unloading 1148 Unused Serialized files (Serialized files now loaded: 0)
System memory in use before: 61.8 MB.
System memory in use after: 61.9 MB.

Unloading 4 unused Assets to reduce memory usage. Loaded Objects now: 1628.
Total: 1.505200 ms (FindLiveObjects: 0.198300 ms CreateObjectMapping: 0.030000 ms MarkObjects: 1.264100 ms  DeleteObjects: 0.011700 ms)

AssetImportWorkerClient::OnTransportError - code=2 error=End of file
